<?xml version="1.0" encoding="UTF-8"?>
<!-- Generated by org.testng.reporters.JUnitReportReporter -->
<testsuite hostname="DESKTOP-QJH4EFE" failures="0" tests="4" name="api.test.DDTest" time="6.679" errors="0" timestamp="2024-10-09T18:05:01 IST" skipped="0">
  <testcase classname="api.test.DDTest" name="deleteCreatedUser" time="1.122"/>
  <testcase classname="api.test.DDTest" name="deleteCreatedUser" time="1.118"/>
  <testcase classname="api.test.DDTest" name="deleteCreatedUser" time="1.165"/>
  <testcase classname="api.test.DDTest" name="deleteCreatedUser" time="3.274"/>
</testsuite> <!-- api.test.DDTest -->
