<?xml version="1.0" encoding="UTF-8"?>
<!-- Generated by org.testng.reporters.JUnitReportReporter -->
<testsuite hostname="DESKTOP-QJH4EFE" failures="0" tests="4" name="api.test.UserTestcase" time="10.640" errors="0" timestamp="2024-11-05T11:17:28 IST" skipped="0">
  <testcase classname="api.test.UserTestcase" name="validateCreateUser" time="5.198"/>
  <testcase classname="api.test.UserTestcase" name="validateGetUser" time="1.431"/>
  <testcase classname="api.test.UserTestcase" name="ValidateUpdateUserDetails" time="2.696"/>
  <testcase classname="api.test.UserTestcase" name="validateDeleteUserDetails" time="1.315"/>
</testsuite> <!-- api.test.UserTestcase -->
